2025/10/27 20:26:45 Arquivo de log criado: jogo.log
2025/10/27 20:26:45 Jogador criado: {2  10 10}
2025/10/27 20:26:58 Arquivo de log criado: jogo.log
2025/10/27 20:26:58 Jogador criado: {3  10 10}
2025/10/27 20:27:13 Todos os jogadores:
2025/10/27 20:27:28 Todos os jogadores:
2025/10/27 20:27:43 Todos os jogadores:
2025/10/27 20:27:58 Todos os jogadores:
2025/10/27 20:29:44 Arquivo de log criado: jogo.log
2025/10/27 20:29:44 Jogador criado: {4  10 10}
2025/10/27 20:29:59 Todos os jogadores:
2025/10/27 20:30:41 Arquivo de log criado: jogo.log
2025/10/27 20:30:41 Jogador criado: {5  10 10}
2025/10/27 20:30:56 Todos os jogadores:
2025/10/27 20:30:56 ID: 1, Nome: , Posição: (36, 23)
2025/10/27 20:30:56 ID: 2, Nome: , Posição: (10, 10)
2025/10/27 20:30:56 ID: 3, Nome: , Posição: (10, 10)
2025/10/27 20:30:56 ID: 4, Nome: , Posição: (12, 14)
2025/10/27 20:30:56 ID: 5, Nome: , Posição: (14, 14)
2025/10/27 20:31:11 Todos os jogadores:
2025/10/27 20:31:11 ID: 4, Nome: , Posição: (12, 14)
2025/10/27 20:31:11 ID: 5, Nome: , Posição: (40, 18)
2025/10/27 20:31:11 ID: 1, Nome: , Posição: (36, 23)
2025/10/27 20:31:11 ID: 2, Nome: , Posição: (10, 10)
2025/10/27 20:31:11 ID: 3, Nome: , Posição: (10, 10)
2025/10/27 20:31:18 Erro ao atualizar posição do jogador:connection is shut down
2025/10/31 18:09:50 Arquivo de log criado: jogo.log
2025/10/31 18:09:51 Jogador criado: {1  10 10}
2025/10/31 18:10:06 Todos os jogadores:
2025/10/31 18:10:06 ID: 1, Nome: , Posição: (6, 10)
2025/10/31 18:12:27 Arquivo de log criado: jogo.log
2025/10/31 18:12:27 Jogador criado: {1 Michele 10 10}
2025/10/31 18:12:42 Todos os jogadores:
2025/10/31 18:12:42 ID: 1, Nome: Michele, Posicao: (7, 11)
2025/10/31 18:12:57 Todos os jogadores:
2025/10/31 18:12:57 ID: 1, Nome: Michele, Posicao: (26, 3)
2025/10/31 18:14:13 Arquivo de log criado: jogo.log
2025/10/31 18:14:13 Jogador criado: {2 Michele 10 10}
2025/10/31 18:14:28 Todos os jogadores:
2025/10/31 18:14:28 ID: 1, Nome: Michele, Posicao: (34, 7)
2025/10/31 18:14:28 ID: 2, Nome: Michele, Posicao: (10, 10)
2025/11/01 16:22:56 Arquivo de log criado: jogo.log
2025/11/01 16:22:56 Jogador criado: {1 Michele 10 10}
2025/11/01 16:22:56 Todos os jogadores:
2025/11/01 16:22:56 ID: 1, Nome: Michele, Posicao: (10, 10)
2025/11/01 16:22:56 Todos os jogadores:
2025/11/01 16:22:56 ID: 1, Nome: Michele, Posicao: (10, 10)
2025/11/01 16:22:56 Todos os jogadores:
2025/11/01 16:22:56 ID: 1, Nome: Michele, Posicao: (10, 10)
2025/11/01 16:22:57 Todos os jogadores:
2025/11/01 16:22:57 ID: 1, Nome: Michele, Posicao: (10, 10)
2025/11/01 16:22:57 Todos os jogadores:
2025/11/01 16:22:57 ID: 1, Nome: Michele, Posicao: (10, 10)
2025/11/01 16:22:57 Todos os jogadores:
2025/11/01 16:22:57 ID: 1, Nome: Michele, Posicao: (10, 10)
2025/11/01 16:22:57 Todos os jogadores:
2025/11/01 16:22:57 ID: 1, Nome: Michele, Posicao: (10, 10)
2025/11/01 16:22:57 Todos os jogadores:
2025/11/01 16:22:57 ID: 1, Nome: Michele, Posicao: (10, 10)
2025/11/01 16:22:58 Todos os jogadores:
2025/11/01 16:22:58 ID: 1, Nome: Michele, Posicao: (10, 10)
2025/11/01 16:22:58 Todos os jogadores:
2025/11/01 16:22:58 ID: 1, Nome: Michele, Posicao: (10, 10)
2025/11/01 16:22:58 Todos os jogadores:
2025/11/01 16:22:58 ID: 1, Nome: Michele, Posicao: (10, 10)
2025/11/01 16:22:58 Todos os jogadores:
2025/11/01 16:22:58 ID: 1, Nome: Michele, Posicao: (10, 10)
2025/11/01 16:22:58 Todos os jogadores:
2025/11/01 16:22:58 ID: 1, Nome: Michele, Posicao: (10, 10)
2025/11/01 16:22:59 Todos os jogadores:
2025/11/01 16:22:59 ID: 1, Nome: Michele, Posicao: (10, 10)
2025/11/01 16:22:59 Todos os jogadores:
2025/11/01 16:22:59 ID: 1, Nome: Michele, Posicao: (10, 10)
2025/11/01 16:22:59 Todos os jogadores:
2025/11/01 16:22:59 ID: 1, Nome: Michele, Posicao: (10, 10)
2025/11/01 16:22:59 Todos os jogadores:
2025/11/01 16:22:59 ID: 1, Nome: Michele, Posicao: (10, 10)
2025/11/01 16:22:59 Todos os jogadores:
2025/11/01 16:22:59 ID: 1, Nome: Michele, Posicao: (10, 10)
2025/11/01 16:23:00 Todos os jogadores:
2025/11/01 16:23:00 ID: 1, Nome: Michele, Posicao: (10, 10)
2025/11/01 16:23:00 Todos os jogadores:
2025/11/01 16:23:00 ID: 1, Nome: Michele, Posicao: (10, 10)
2025/11/01 16:23:00 Todos os jogadores:
2025/11/01 16:23:00 ID: 1, Nome: Michele, Posicao: (10, 10)
2025/11/01 16:23:00 Todos os jogadores:
2025/11/01 16:23:00 ID: 1, Nome: Michele, Posicao: (10, 10)
2025/11/01 16:23:00 Todos os jogadores:
2025/11/01 16:23:00 ID: 1, Nome: Michele, Posicao: (10, 10)
2025/11/01 16:23:01 Todos os jogadores:
2025/11/01 16:23:01 ID: 1, Nome: Michele, Posicao: (10, 10)
2025/11/01 16:23:01 Todos os jogadores:
2025/11/01 16:23:01 ID: 1, Nome: Michele, Posicao: (10, 10)
2025/11/01 16:23:01 Todos os jogadores:
2025/11/01 16:23:01 ID: 1, Nome: Michele, Posicao: (10, 10)
2025/11/01 16:23:01 Todos os jogadores:
2025/11/01 16:23:01 ID: 1, Nome: Michele, Posicao: (10, 10)
2025/11/01 16:23:01 Todos os jogadores:
2025/11/01 16:23:01 ID: 1, Nome: Michele, Posicao: (10, 10)
2025/11/01 16:23:02 Todos os jogadores:
2025/11/01 16:23:02 ID: 1, Nome: Michele, Posicao: (10, 10)
2025/11/01 16:23:02 Todos os jogadores:
2025/11/01 16:23:02 ID: 1, Nome: Michele, Posicao: (10, 10)
2025/11/01 16:23:02 Todos os jogadores:
2025/11/01 16:23:02 ID: 1, Nome: Michele, Posicao: (10, 10)
2025/11/01 16:23:02 Todos os jogadores:
2025/11/01 16:23:02 ID: 1, Nome: Michele, Posicao: (10, 10)
2025/11/01 16:23:02 Todos os jogadores:
2025/11/01 16:23:02 ID: 1, Nome: Michele, Posicao: (10, 10)
2025/11/01 16:23:03 Todos os jogadores:
2025/11/01 16:23:03 ID: 1, Nome: Michele, Posicao: (6, 10)
2025/11/01 16:23:03 Todos os jogadores:
2025/11/01 16:23:03 ID: 1, Nome: Michele, Posicao: (6, 10)
2025/11/01 16:23:03 Todos os jogadores:
2025/11/01 16:23:03 ID: 1, Nome: Michele, Posicao: (6, 10)
2025/11/01 16:23:03 Todos os jogadores:
2025/11/01 16:23:03 ID: 1, Nome: Michele, Posicao: (6, 10)
2025/11/01 16:23:03 Todos os jogadores:
2025/11/01 16:23:03 ID: 1, Nome: Michele, Posicao: (6, 10)
2025/11/01 16:23:04 Todos os jogadores:
2025/11/01 16:23:04 ID: 1, Nome: Michele, Posicao: (6, 10)
2025/11/01 16:23:04 Todos os jogadores:
2025/11/01 16:23:04 ID: 1, Nome: Michele, Posicao: (6, 10)
2025/11/01 16:23:04 Todos os jogadores:
2025/11/01 16:23:04 ID: 1, Nome: Michele, Posicao: (6, 10)
2025/11/01 16:23:04 Todos os jogadores:
2025/11/01 16:23:04 ID: 1, Nome: Michele, Posicao: (6, 10)
2025/11/01 16:23:04 Todos os jogadores:
2025/11/01 16:23:04 ID: 1, Nome: Michele, Posicao: (6, 10)
2025/11/01 16:23:05 Todos os jogadores:
2025/11/01 16:23:05 ID: 1, Nome: Michele, Posicao: (6, 10)
2025/11/01 16:23:05 Todos os jogadores:
2025/11/01 16:23:05 ID: 1, Nome: Michele, Posicao: (6, 10)
2025/11/01 16:23:05 Todos os jogadores:
2025/11/01 16:23:05 ID: 1, Nome: Michele, Posicao: (6, 10)
2025/11/01 16:23:05 Todos os jogadores:
2025/11/01 16:23:05 ID: 1, Nome: Michele, Posicao: (6, 10)
2025/11/01 16:23:05 Todos os jogadores:
2025/11/01 16:23:05 ID: 1, Nome: Michele, Posicao: (6, 10)
2025/11/01 16:23:06 Todos os jogadores:
2025/11/01 16:23:06 ID: 1, Nome: Michele, Posicao: (6, 10)
2025/11/01 16:23:06 Todos os jogadores:
2025/11/01 16:23:06 ID: 1, Nome: Michele, Posicao: (6, 10)
2025/11/01 16:23:06 Todos os jogadores:
2025/11/01 16:23:06 ID: 1, Nome: Michele, Posicao: (6, 10)
2025/11/01 16:23:06 Todos os jogadores:
2025/11/01 16:23:06 ID: 1, Nome: Michele, Posicao: (6, 10)
2025/11/01 16:23:06 Todos os jogadores:
2025/11/01 16:23:06 ID: 1, Nome: Michele, Posicao: (6, 10)
2025/11/01 16:23:07 Todos os jogadores:
2025/11/01 16:23:07 ID: 1, Nome: Michele, Posicao: (6, 10)
2025/11/01 16:23:07 Todos os jogadores:
2025/11/01 16:23:07 ID: 1, Nome: Michele, Posicao: (6, 10)
2025/11/01 16:23:07 Todos os jogadores:
2025/11/01 16:23:07 ID: 1, Nome: Michele, Posicao: (6, 10)
2025/11/01 16:23:07 Todos os jogadores:
2025/11/01 16:23:07 ID: 1, Nome: Michele, Posicao: (6, 10)
2025/11/01 16:23:07 Todos os jogadores:
2025/11/01 16:23:07 ID: 1, Nome: Michele, Posicao: (6, 10)
2025/11/01 16:23:08 Todos os jogadores:
2025/11/01 16:23:08 ID: 1, Nome: Michele, Posicao: (6, 10)
2025/11/01 16:23:08 Todos os jogadores:
2025/11/01 16:23:08 ID: 1, Nome: Michele, Posicao: (6, 10)
2025/11/01 16:23:08 Todos os jogadores:
2025/11/01 16:23:08 ID: 1, Nome: Michele, Posicao: (6, 10)
2025/11/01 16:23:08 Todos os jogadores:
2025/11/01 16:23:08 ID: 1, Nome: Michele, Posicao: (6, 10)
2025/11/01 16:23:08 Todos os jogadores:
2025/11/01 16:23:08 ID: 1, Nome: Michele, Posicao: (6, 10)
2025/11/01 16:23:09 Todos os jogadores:
2025/11/01 16:23:09 ID: 1, Nome: Michele, Posicao: (6, 10)
2025/11/01 16:23:09 Todos os jogadores:
2025/11/01 16:23:09 ID: 1, Nome: Michele, Posicao: (6, 10)
2025/11/01 16:23:09 Todos os jogadores:
2025/11/01 16:23:09 ID: 1, Nome: Michele, Posicao: (6, 10)
2025/11/01 16:23:09 Todos os jogadores:
2025/11/01 16:23:09 ID: 1, Nome: Michele, Posicao: (6, 10)
2025/11/01 16:23:09 Todos os jogadores:
2025/11/01 16:23:09 ID: 1, Nome: Michele, Posicao: (6, 10)
2025/11/01 16:23:10 Todos os jogadores:
2025/11/01 16:23:10 ID: 1, Nome: Michele, Posicao: (6, 10)
2025/11/01 16:23:10 Todos os jogadores:
2025/11/01 16:23:10 ID: 1, Nome: Michele, Posicao: (6, 10)
2025/11/01 16:23:10 Todos os jogadores:
2025/11/01 16:23:10 ID: 1, Nome: Michele, Posicao: (6, 10)
2025/11/01 16:23:10 Todos os jogadores:
2025/11/01 16:23:10 ID: 1, Nome: Michele, Posicao: (6, 10)
2025/11/01 16:23:10 Todos os jogadores:
2025/11/01 16:23:10 ID: 1, Nome: Michele, Posicao: (6, 10)
2025/11/01 16:23:11 Todos os jogadores:
2025/11/01 16:23:11 ID: 1, Nome: Michele, Posicao: (6, 10)
2025/11/01 16:23:11 Todos os jogadores:
2025/11/01 16:23:11 ID: 1, Nome: Michele, Posicao: (6, 10)
2025/11/01 16:23:11 Todos os jogadores:
2025/11/01 16:23:11 ID: 1, Nome: Michele, Posicao: (6, 10)
2025/11/01 16:23:11 Todos os jogadores:
2025/11/01 16:23:11 ID: 1, Nome: Michele, Posicao: (6, 10)
2025/11/01 16:23:11 Todos os jogadores:
2025/11/01 16:23:11 ID: 1, Nome: Michele, Posicao: (6, 10)
2025/11/01 16:23:12 Todos os jogadores:
2025/11/01 16:23:12 ID: 1, Nome: Michele, Posicao: (6, 10)
2025/11/01 16:23:12 Todos os jogadores:
2025/11/01 16:23:12 ID: 1, Nome: Michele, Posicao: (6, 10)
2025/11/01 16:23:12 Todos os jogadores:
2025/11/01 16:23:12 ID: 1, Nome: Michele, Posicao: (6, 10)
2025/11/01 16:23:12 Todos os jogadores:
2025/11/01 16:23:12 ID: 1, Nome: Michele, Posicao: (6, 10)
2025/11/01 16:23:12 Todos os jogadores:
2025/11/01 16:23:12 ID: 1, Nome: Michele, Posicao: (6, 10)
2025/11/01 16:23:13 Todos os jogadores:
2025/11/01 16:23:13 ID: 1, Nome: Michele, Posicao: (6, 10)
2025/11/01 16:23:13 Todos os jogadores:
2025/11/01 16:23:13 ID: 1, Nome: Michele, Posicao: (6, 10)
2025/11/01 16:23:13 Todos os jogadores:
2025/11/01 16:23:13 ID: 1, Nome: Michele, Posicao: (6, 10)
2025/11/01 16:23:13 Todos os jogadores:
2025/11/01 16:23:13 ID: 1, Nome: Michele, Posicao: (6, 10)
2025/11/01 16:23:13 Todos os jogadores:
2025/11/01 16:23:13 ID: 1, Nome: Michele, Posicao: (6, 10)
2025/11/01 16:23:14 Todos os jogadores:
2025/11/01 16:23:14 ID: 1, Nome: Michele, Posicao: (6, 10)
2025/11/01 16:23:14 Todos os jogadores:
2025/11/01 16:23:14 ID: 1, Nome: Michele, Posicao: (6, 10)
2025/11/01 16:23:14 Todos os jogadores:
2025/11/01 16:23:14 ID: 1, Nome: Michele, Posicao: (6, 10)
2025/11/01 16:23:14 Todos os jogadores:
2025/11/01 16:23:14 ID: 1, Nome: Michele, Posicao: (6, 10)
2025/11/01 16:23:14 Todos os jogadores:
2025/11/01 16:23:14 ID: 1, Nome: Michele, Posicao: (6, 10)
2025/11/01 16:23:15 Todos os jogadores:
2025/11/01 16:23:15 ID: 1, Nome: Michele, Posicao: (6, 10)
2025/11/01 16:23:15 Todos os jogadores:
2025/11/01 16:23:15 ID: 1, Nome: Michele, Posicao: (6, 10)
2025/11/01 16:23:15 Todos os jogadores:
2025/11/01 16:23:15 ID: 1, Nome: Michele, Posicao: (6, 10)
2025/11/01 16:23:15 Todos os jogadores:
2025/11/01 16:23:15 ID: 1, Nome: Michele, Posicao: (6, 10)
2025/11/01 16:23:36 Arquivo de log criado: jogo.log
2025/11/01 16:23:36 Erro ao conectar:dial tcp [::1]:8932: connectex: No connection could be made because the target machine actively refused it.
2025/11/01 16:23:48 Arquivo de log criado: jogo.log
2025/11/01 16:23:48 Erro ao conectar:dial tcp [::1]:8932: connectex: No connection could be made because the target machine actively refused it.
2025/11/01 16:23:57 Arquivo de log criado: jogo.log
2025/11/01 16:23:57 Erro ao conectar:dial tcp [::1]:8932: connectex: No connection could be made because the target machine actively refused it.
2025/11/01 16:24:13 Arquivo de log criado: jogo.log
2025/11/01 16:24:13 Jogador criado: {1 Michele 10 10}
2025/11/01 16:24:13 Todos os jogadores:
2025/11/01 16:24:13 ID: 1, Nome: Michele, Posicao: (10, 10)
2025/11/01 16:24:14 Todos os jogadores:
2025/11/01 16:24:14 ID: 1, Nome: Michele, Posicao: (10, 10)
2025/11/01 16:24:14 Todos os jogadores:
2025/11/01 16:24:14 ID: 1, Nome: Michele, Posicao: (10, 10)
2025/11/01 16:24:14 Todos os jogadores:
2025/11/01 16:24:14 ID: 1, Nome: Michele, Posicao: (10, 10)
2025/11/01 16:24:14 Todos os jogadores:
2025/11/01 16:24:14 ID: 1, Nome: Michele, Posicao: (10, 10)
2025/11/01 16:24:14 Todos os jogadores:
2025/11/01 16:24:14 ID: 1, Nome: Michele, Posicao: (10, 10)
2025/11/01 16:24:15 Todos os jogadores:
2025/11/01 16:24:15 ID: 1, Nome: Michele, Posicao: (10, 10)
2025/11/01 16:24:15 Todos os jogadores:
2025/11/01 16:24:15 ID: 1, Nome: Michele, Posicao: (10, 10)
2025/11/01 16:24:15 Todos os jogadores:
2025/11/01 16:24:15 ID: 1, Nome: Michele, Posicao: (10, 10)
2025/11/01 16:24:15 Todos os jogadores:
2025/11/01 16:24:15 ID: 1, Nome: Michele, Posicao: (10, 10)
2025/11/01 16:24:15 Todos os jogadores:
2025/11/01 16:24:15 ID: 1, Nome: Michele, Posicao: (10, 10)
2025/11/01 16:24:16 Todos os jogadores:
2025/11/01 16:24:16 ID: 1, Nome: Michele, Posicao: (10, 10)
2025/11/01 16:24:16 Todos os jogadores:
2025/11/01 16:24:16 ID: 1, Nome: Michele, Posicao: (10, 10)
2025/11/01 16:24:16 Todos os jogadores:
2025/11/01 16:24:16 ID: 1, Nome: Michele, Posicao: (10, 10)
2025/11/01 16:24:16 Todos os jogadores:
2025/11/01 16:24:16 ID: 1, Nome: Michele, Posicao: (10, 10)
2025/11/01 16:24:16 Todos os jogadores:
2025/11/01 16:24:16 ID: 1, Nome: Michele, Posicao: (10, 10)
2025/11/01 16:24:17 Todos os jogadores:
2025/11/01 16:24:17 ID: 1, Nome: Michele, Posicao: (10, 10)
2025/11/01 16:24:17 Todos os jogadores:
2025/11/01 16:24:17 ID: 1, Nome: Michele, Posicao: (10, 10)
2025/11/01 16:24:17 Todos os jogadores:
2025/11/01 16:24:17 ID: 1, Nome: Michele, Posicao: (10, 10)
2025/11/01 16:24:17 Todos os jogadores:
2025/11/01 16:24:17 ID: 1, Nome: Michele, Posicao: (10, 10)
2025/11/01 16:24:17 Todos os jogadores:
2025/11/01 16:24:17 ID: 1, Nome: Michele, Posicao: (10, 10)
2025/11/01 16:24:18 Todos os jogadores:
2025/11/01 16:24:18 ID: 1, Nome: Michele, Posicao: (10, 10)
2025/11/01 16:24:18 Todos os jogadores:
2025/11/01 16:24:18 ID: 1, Nome: Michele, Posicao: (10, 10)
2025/11/01 16:24:18 Todos os jogadores:
2025/11/01 16:24:18 ID: 1, Nome: Michele, Posicao: (10, 10)
2025/11/01 16:24:18 Todos os jogadores:
2025/11/01 16:24:18 ID: 1, Nome: Michele, Posicao: (10, 10)
2025/11/01 16:24:18 Todos os jogadores:
2025/11/01 16:24:18 ID: 1, Nome: Michele, Posicao: (10, 10)
2025/11/01 16:24:19 Todos os jogadores:
2025/11/01 16:24:19 ID: 1, Nome: Michele, Posicao: (10, 10)
2025/11/01 16:24:19 Todos os jogadores:
2025/11/01 16:24:19 ID: 1, Nome: Michele, Posicao: (10, 10)
2025/11/01 16:24:19 Todos os jogadores:
2025/11/01 16:24:19 ID: 1, Nome: Michele, Posicao: (10, 10)
2025/11/01 16:24:19 Todos os jogadores:
2025/11/01 16:24:19 ID: 1, Nome: Michele, Posicao: (10, 10)
2025/11/01 16:24:19 Todos os jogadores:
2025/11/01 16:24:19 ID: 1, Nome: Michele, Posicao: (10, 10)
2025/11/01 16:24:20 Todos os jogadores:
2025/11/01 16:24:20 ID: 1, Nome: Michele, Posicao: (10, 10)
2025/11/01 16:24:20 Todos os jogadores:
2025/11/01 16:24:20 ID: 1, Nome: Michele, Posicao: (10, 10)
2025/11/01 16:24:20 Todos os jogadores:
2025/11/01 16:24:20 ID: 1, Nome: Michele, Posicao: (10, 10)
2025/11/01 16:24:20 Todos os jogadores:
2025/11/01 16:24:20 ID: 1, Nome: Michele, Posicao: (10, 10)
2025/11/01 16:24:20 Todos os jogadores:
2025/11/01 16:24:20 ID: 1, Nome: Michele, Posicao: (10, 10)
2025/11/01 16:24:21 Todos os jogadores:
2025/11/01 16:24:21 ID: 1, Nome: Michele, Posicao: (10, 10)
2025/11/01 16:24:21 Todos os jogadores:
2025/11/01 16:24:21 ID: 1, Nome: Michele, Posicao: (10, 10)
2025/11/01 16:24:21 Todos os jogadores:
2025/11/01 16:24:21 ID: 1, Nome: Michele, Posicao: (10, 10)
2025/11/01 16:24:21 Todos os jogadores:
2025/11/01 16:24:21 ID: 1, Nome: Michele, Posicao: (10, 10)
2025/11/01 16:24:21 Todos os jogadores:
2025/11/01 16:24:21 ID: 1, Nome: Michele, Posicao: (10, 10)
2025/11/01 16:24:22 Todos os jogadores:
2025/11/01 16:24:22 ID: 1, Nome: Michele, Posicao: (10, 10)
2025/11/01 16:24:22 Todos os jogadores:
2025/11/01 16:24:22 ID: 1, Nome: Michele, Posicao: (10, 10)
2025/11/01 16:24:22 Todos os jogadores:
2025/11/01 16:24:22 ID: 1, Nome: Michele, Posicao: (10, 10)
2025/11/01 16:24:22 Todos os jogadores:
2025/11/01 16:24:22 ID: 1, Nome: Michele, Posicao: (10, 10)
2025/11/01 16:24:22 Todos os jogadores:
2025/11/01 16:24:22 ID: 1, Nome: Michele, Posicao: (10, 10)
2025/11/01 16:24:23 Todos os jogadores:
2025/11/01 16:24:23 ID: 1, Nome: Michele, Posicao: (10, 10)
2025/11/01 16:24:23 Todos os jogadores:
2025/11/01 16:24:23 ID: 1, Nome: Michele, Posicao: (10, 10)
2025/11/01 16:24:23 Todos os jogadores:
2025/11/01 16:24:23 ID: 1, Nome: Michele, Posicao: (10, 10)
2025/11/01 16:24:23 Todos os jogadores:
2025/11/01 16:24:23 ID: 1, Nome: Michele, Posicao: (10, 10)
2025/11/01 16:24:23 Todos os jogadores:
2025/11/01 16:24:23 ID: 1, Nome: Michele, Posicao: (10, 10)
2025/11/01 16:24:24 Todos os jogadores:
2025/11/01 16:24:24 ID: 1, Nome: Michele, Posicao: (10, 10)
2025/11/01 16:24:24 Todos os jogadores:
2025/11/01 16:24:24 ID: 1, Nome: Michele, Posicao: (10, 10)
2025/11/01 16:24:24 Todos os jogadores:
2025/11/01 16:24:24 ID: 1, Nome: Michele, Posicao: (10, 10)
2025/11/01 16:24:24 Todos os jogadores:
2025/11/01 16:24:24 ID: 1, Nome: Michele, Posicao: (10, 10)
2025/11/01 16:24:24 Todos os jogadores:
2025/11/01 16:24:24 ID: 1, Nome: Michele, Posicao: (10, 10)
2025/11/01 16:24:25 Todos os jogadores:
2025/11/01 16:24:25 ID: 1, Nome: Michele, Posicao: (10, 10)
2025/11/01 16:24:25 Todos os jogadores:
2025/11/01 16:24:25 ID: 1, Nome: Michele, Posicao: (10, 10)
2025/11/01 16:24:25 Todos os jogadores:
2025/11/01 16:24:25 ID: 1, Nome: Michele, Posicao: (10, 10)
2025/11/01 16:24:25 Todos os jogadores:
2025/11/01 16:24:25 ID: 1, Nome: Michele, Posicao: (10, 10)
2025/11/01 16:24:25 Todos os jogadores:
2025/11/01 16:24:25 ID: 1, Nome: Michele, Posicao: (10, 10)
2025/11/01 16:24:26 Todos os jogadores:
2025/11/01 16:24:26 ID: 1, Nome: Michele, Posicao: (10, 10)
2025/11/01 16:24:26 Todos os jogadores:
2025/11/01 16:24:26 ID: 1, Nome: Michele, Posicao: (10, 10)
2025/11/01 16:24:26 Todos os jogadores:
2025/11/01 16:24:26 ID: 1, Nome: Michele, Posicao: (10, 10)
2025/11/01 16:24:26 Todos os jogadores:
2025/11/01 16:24:26 ID: 1, Nome: Michele, Posicao: (10, 10)
2025/11/01 16:24:26 Todos os jogadores:
2025/11/01 16:24:26 ID: 1, Nome: Michele, Posicao: (10, 10)
2025/11/01 16:24:27 Todos os jogadores:
2025/11/01 16:24:27 ID: 1, Nome: Michele, Posicao: (10, 10)
2025/11/01 16:24:27 Todos os jogadores:
2025/11/01 16:24:27 ID: 1, Nome: Michele, Posicao: (10, 10)
2025/11/01 16:24:27 Todos os jogadores:
2025/11/01 16:24:27 ID: 1, Nome: Michele, Posicao: (10, 10)
2025/11/01 16:24:27 Todos os jogadores:
2025/11/01 16:24:27 ID: 1, Nome: Michele, Posicao: (10, 10)
2025/11/01 16:24:27 Todos os jogadores:
2025/11/01 16:24:27 ID: 1, Nome: Michele, Posicao: (10, 10)
2025/11/01 16:24:28 Todos os jogadores:
2025/11/01 16:24:28 ID: 1, Nome: Michele, Posicao: (10, 10)
2025/11/01 16:24:28 Todos os jogadores:
2025/11/01 16:24:28 ID: 1, Nome: Michele, Posicao: (10, 10)
2025/11/01 16:24:28 Todos os jogadores:
2025/11/01 16:24:28 ID: 1, Nome: Michele, Posicao: (10, 10)
2025/11/01 16:24:28 Todos os jogadores:
2025/11/01 16:24:28 ID: 1, Nome: Michele, Posicao: (10, 10)
2025/11/01 16:24:28 Todos os jogadores:
2025/11/01 16:24:28 ID: 1, Nome: Michele, Posicao: (10, 10)
2025/11/01 16:24:29 Todos os jogadores:
2025/11/01 16:24:29 ID: 1, Nome: Michele, Posicao: (10, 10)
2025/11/01 16:24:29 Todos os jogadores:
2025/11/01 16:24:29 ID: 1, Nome: Michele, Posicao: (10, 10)
2025/11/01 16:24:29 Todos os jogadores:
2025/11/01 16:24:29 ID: 1, Nome: Michele, Posicao: (10, 10)
2025/11/01 16:24:29 Todos os jogadores:
2025/11/01 16:24:29 ID: 1, Nome: Michele, Posicao: (10, 10)
2025/11/01 16:24:29 Todos os jogadores:
2025/11/01 16:24:29 ID: 1, Nome: Michele, Posicao: (10, 10)
2025/11/01 16:24:30 Todos os jogadores:
2025/11/01 16:24:30 ID: 1, Nome: Michele, Posicao: (10, 10)
2025/11/01 16:24:30 Todos os jogadores:
2025/11/01 16:24:30 ID: 1, Nome: Michele, Posicao: (10, 10)
2025/11/01 16:24:30 Todos os jogadores:
2025/11/01 16:24:30 ID: 1, Nome: Michele, Posicao: (10, 10)
2025/11/01 16:24:30 Todos os jogadores:
2025/11/01 16:24:30 ID: 1, Nome: Michele, Posicao: (10, 10)
2025/11/01 16:24:30 Todos os jogadores:
2025/11/01 16:24:30 ID: 1, Nome: Michele, Posicao: (10, 10)
2025/11/01 16:24:31 Todos os jogadores:
2025/11/01 16:24:31 ID: 1, Nome: Michele, Posicao: (10, 10)
2025/11/01 16:24:31 Todos os jogadores:
2025/11/01 16:24:31 ID: 1, Nome: Michele, Posicao: (10, 10)
2025/11/01 16:24:31 Todos os jogadores:
2025/11/01 16:24:31 ID: 1, Nome: Michele, Posicao: (10, 10)
2025/11/01 16:24:31 Todos os jogadores:
2025/11/01 16:24:31 ID: 1, Nome: Michele, Posicao: (10, 10)
2025/11/01 16:24:31 Todos os jogadores:
2025/11/01 16:24:31 ID: 1, Nome: Michele, Posicao: (10, 10)
2025/11/01 16:24:32 Todos os jogadores:
2025/11/01 16:24:32 ID: 1, Nome: Michele, Posicao: (10, 10)
2025/11/01 16:24:32 Todos os jogadores:
2025/11/01 16:24:32 ID: 1, Nome: Michele, Posicao: (10, 10)
2025/11/01 16:24:32 Todos os jogadores:
2025/11/01 16:24:32 ID: 1, Nome: Michele, Posicao: (10, 10)
2025/11/01 16:24:32 Todos os jogadores:
2025/11/01 16:24:32 ID: 1, Nome: Michele, Posicao: (10, 10)
2025/11/01 16:24:32 Todos os jogadores:
2025/11/01 16:24:32 ID: 1, Nome: Michele, Posicao: (10, 10)
2025/11/01 16:24:33 Todos os jogadores:
2025/11/01 16:24:33 ID: 1, Nome: Michele, Posicao: (10, 10)
2025/11/01 16:24:33 Todos os jogadores:
2025/11/01 16:24:33 ID: 1, Nome: Michele, Posicao: (10, 10)
2025/11/01 16:24:33 Todos os jogadores:
2025/11/01 16:24:33 ID: 1, Nome: Michele, Posicao: (10, 10)
2025/11/01 16:24:33 Todos os jogadores:
2025/11/01 16:24:33 ID: 1, Nome: Michele, Posicao: (10, 10)
2025/11/01 16:24:33 Todos os jogadores:
2025/11/01 16:24:33 ID: 1, Nome: Michele, Posicao: (10, 10)
2025/11/01 16:28:29 Arquivo de log criado: jogo.log
2025/11/01 16:28:29 Jogador criado: {1 Michele 10 10}
2025/11/01 16:46:26 Arquivo de log criado: jogo.log
2025/11/01 16:46:26 Jogador criado: {2 Vicente 10 10}
2025/11/01 16:46:26 🎉 Novo player entrou: Michele
2025/11/01 17:04:03 Arquivo de log criado: jogo.log
2025/11/01 17:04:04 Jogador criado: {2 Vicente 10 10}
2025/11/01 17:04:04 🎉 Novo player entrou: Michele
2025/11/01 17:24:22 Arquivo de log criado: jogo.log
2025/11/01 17:24:22 Jogador criado: {2 Vicente 10 10}
2025/11/01 17:24:23 🎉 Novo player entrou: Michele
2025/11/02 16:03:11 Arquivo de log criado: jogo.log
2025/11/02 16:03:11 Jogador criado: {2 Vicente 10 10}
2025/11/02 16:03:11 🎉 Novo player entrou: Vicente
2025/11/02 16:41:26 Arquivo de log criado: jogo.log
2025/11/02 16:41:26 Jogador criado: {1 Vicente 10 10}
